<?xml version="1.0" encoding="UTF-8"?>
<testsuite xmlns:xsi="http://www.w3.org/2001/XMLSchema-instance" xsi:noNamespaceSchemaLocation="https://maven.apache.org/surefire/maven-surefire-plugin/xsd/surefire-test-report.xsd" name="UserChangeDataTest" time="1.925" tests="3" errors="0" skipped="0" failures="0">
  <properties>
[...]
</properties>
  <testcase name="changeUsersDataSuccess" classname="UserChangeDataTest" time="0.663"/>
  <testcase name="changeUsersDataWithEmptyAuthError" classname="UserChangeDataTest" time="0.6"/>
  <testcase name="changeUsersDataWithoutAuthError" classname="UserChangeDataTest" time="0.656"/>
</testsuite>